[0710/001758.293:ERROR:process_reader_win.cc(155)] SuspendThread: Access is denied. (0x5)
[0710/001758.664:ERROR:process_reader_win.cc(155)] SuspendThread: Access is denied. (0x5)
[0710/001758.664:ERROR:process_reader_win.cc(127)] NtOpenThread: {Access Denied} A process has requested access to an object, but has not been granted those access rights. (0xc0000022)
[0710/001758.665:ERROR:exception_snapshot_win.cc(99)] thread ID 6564 not found in process
[0710/001758.701:ERROR:minidumpwritedump_with_crashpad_info.cc(435)] Failed to call MiniDumpWriteDump: Only part of a ReadProcessMemory or WriteProcessMemory request was completed. (0x8007012B)
[0710/001758.702:ERROR:minidumpwritedump_with_crashpad_info.cc(592)] Failed to write minidump file
[0710/001758.703:ERROR:crash_report_exception_handler.cc(132)] TryMiniDumpWriteDumpWithCrashpadInfo failed
[0710/001758.709:ERROR:process_memory_win.cc(73)] ReadMemory at 0x29f641b7ad0 of 72 bytes failed: Only part of a ReadProcessMemory or WriteProcessMemory request was completed. (0x12B)
[0710/001758.709:WARNING:pe_image_annotations_reader.cc(134)] could not read annotations list object in C:\Program Files (x86)\Microsoft\Edge\Application\83.0.478.61\msedge_elf.dll
[0710/001758.709:ERROR:process_memory_win.cc(73)] ReadMemory at 0x29f64508290 of 72 bytes failed: Only part of a ReadProcessMemory or WriteProcessMemory request was completed. (0x12B)
[0710/001758.709:WARNING:pe_image_annotations_reader.cc(134)] could not read annotations list object in C:\Program Files (x86)\Microsoft\Edge\Application\83.0.478.61\msedge.dll
[0710/001758.779:ERROR:process_memory_win.cc(73)] ReadMemory at 0x7ff78c9b0000 of 64 bytes failed: Only part of a ReadProcessMemory or WriteProcessMemory request was completed. (0x12B)
[0710/001758.779:WARNING:pe_image_reader.cc(340)] could not read dos header from C:\Program Files (x86)\Microsoft\Edge\Application\msedge.exe
[0710/001758.779:ERROR:process_memory_win.cc(73)] ReadMemory at 0x7ffa19ca0000 of 64 bytes failed: Only part of a ReadProcessMemory or WriteProcessMemory request was completed. (0x12B)
[0710/001758.779:WARNING:pe_image_reader.cc(340)] could not read dos header from C:\WINDOWS\SYSTEM32\ntdll.dll
[0710/001758.779:ERROR:process_memory_win.cc(73)] ReadMemory at 0x7ffa19ba0000 of 64 bytes failed: Only part of a ReadProcessMemory or WriteProcessMemory request was completed. (0x12B)
[0710/001758.779:WARNING:pe_image_reader.cc(340)] could not read dos header from C:\WINDOWS\System32\KERNEL32.DLL
[0710/001758.779:ERROR:process_memory_win.cc(73)] ReadMemory at 0x7ffa16c50000 of 64 bytes failed: Only part of a ReadProcessMemory or WriteProcessMemory request was completed. (0x12B)
[0710/001758.780:WARNING:pe_image_reader.cc(340)] could not read dos header from C:\WINDOWS\System32\KERNELBASE.dll
[0710/001758.780:ERROR:process_memory_win.cc(73)] ReadMemory at 0x7ff9e6fc0000 of 64 bytes failed: Only part of a ReadProcessMemory or WriteProcessMemory request was completed. (0x12B)
[0710/001758.780:WARNING:pe_image_reader.cc(340)] could not read dos header from C:\Program Files (x86)\Microsoft\Edge\Application\83.0.478.61\msedge_elf.dll
[0710/001758.780:ERROR:process_memory_win.cc(73)] ReadMemory at 0x7ffa17260000 of 64 bytes failed: Only part of a ReadProcessMemory or WriteProcessMemory request was completed. (0x12B)
[0710/001758.780:WARNING:pe_image_reader.cc(340)] could not read dos header from C:\WINDOWS\System32\bcryptPrimitives.dll
[0710/001758.780:ERROR:process_memory_win.cc(73)] ReadMemory at 0x7ffa18030000 of 64 bytes failed: Only part of a ReadProcessMemory or WriteProcessMemory request was completed. (0x12B)
[0710/001758.780:WARNING:pe_image_reader.cc(340)] could not read dos header from C:\WINDOWS\System32\ADVAPI32.dll
[0710/001758.780:ERROR:process_memory_win.cc(73)] ReadMemory at 0x7ffa18be0000 of 64 bytes failed: Only part of a ReadProcessMemory or WriteProcessMemory request was completed. (0x12B)
[0710/001758.780:WARNING:pe_image_reader.cc(340)] could not read dos header from C:\WINDOWS\System32\msvcrt.dll
[0710/001758.780:ERROR:process_memory_win.cc(73)] ReadMemory at 0x7ffa18450000 of 64 bytes failed: Only part of a ReadProcessMemory or WriteProcessMemory request was completed. (0x12B)
[0710/001758.780:WARNING:pe_image_reader.cc(340)] could not read dos header from C:\WINDOWS\System32\sechost.dll
[0710/001758.780:ERROR:process_memory_win.cc(73)] ReadMemory at 0x7ffa17dd0000 of 64 bytes failed: Only part of a ReadProcessMemory or WriteProcessMemory request was completed. (0x12B)
[0710/001758.780:WARNING:pe_image_reader.cc(340)] could not read dos header from C:\WINDOWS\System32\RPCRT4.dll
[0710/001758.780:ERROR:process_memory_win.cc(73)] ReadMemory at 0x7ff9cd370000 of 64 bytes failed: Only part of a ReadProcessMemory or WriteProcessMemory request was completed. (0x12B)
[0710/001758.780:WARNING:pe_image_reader.cc(340)] could not read dos header from C:\Program Files (x86)\Microsoft\Edge\Application\83.0.478.61\msedge.dll
[0710/001758.781:ERROR:process_memory_win.cc(73)] ReadMemory at 0x7ffa183e0000 of 64 bytes failed: Only part of a ReadProcessMemory or WriteProcessMemory request was completed. (0x12B)
[0710/001758.781:WARNING:pe_image_reader.cc(340)] could not read dos header from C:\WINDOWS\System32\WS2_32.dll
[0710/001758.781:ERROR:process_memory_win.cc(73)] ReadMemory at 0x7ffa19a00000 of 64 bytes failed: Only part of a ReadProcessMemory or WriteProcessMemory request was completed. (0x12B)
[0710/001758.781:WARNING:pe_image_reader.cc(340)] could not read dos header from C:\WINDOWS\System32\OLEAUT32.dll
[0710/001758.781:ERROR:process_memory_win.cc(73)] ReadMemory at 0x7ffa172e0000 of 64 bytes failed: Only part of a ReadProcessMemory or WriteProcessMemory request was completed. (0x12B)
[0710/001758.781:WARNING:pe_image_reader.cc(340)] could not read dos header from C:\WINDOWS\System32\msvcp_win.dll
[0710/001758.781:ERROR:process_memory_win.cc(73)] ReadMemory at 0x7ffa17c50000 of 64 bytes failed: Only part of a ReadProcessMemory or WriteProcessMemory request was completed. (0x12B)
[0710/001758.781:WARNING:pe_image_reader.cc(340)] could not read dos header from C:\WINDOWS\System32\ucrtbase.dll
[0710/001758.781:ERROR:process_memory_win.cc(73)] ReadMemory at 0x7ffa196c0000 of 64 bytes failed: Only part of a ReadProcessMemory or WriteProcessMemory request was completed. (0x12B)
[0710/001758.781:WARNING:pe_image_reader.cc(340)] could not read dos header from C:\WINDOWS\System32\combase.dll
[0710/001758.781:ERROR:process_memory_win.cc(73)] ReadMemory at 0x7ffa171d0000 of 64 bytes failed: Only part of a ReadProcessMemory or WriteProcessMemory request was completed. (0x12B)
[0710/001758.781:WARNING:pe_image_reader.cc(340)] could not read dos header from C:\WINDOWS\System32\WINTRUST.dll
[0710/001758.781:ERROR:process_memory_win.cc(73)] ReadMemory at 0x7ffa16b90000 of 64 bytes failed: Only part of a ReadProcessMemory or WriteProcessMemory request was completed. (0x12B)
[0710/001758.781:WARNING:pe_image_reader.cc(340)] could not read dos header from C:\WINDOWS\System32\MSASN1.dll
[0710/001758.781:ERROR:process_memory_win.cc(73)] ReadMemory at 0x7ffa17b00000 of 64 bytes failed: Only part of a ReadProcessMemory or WriteProcessMemory request was completed. (0x12B)
[0710/001758.781:WARNING:pe_image_reader.cc(340)] could not read dos header from C:\WINDOWS\System32\CRYPT32.dll
[0710/001758.782:ERROR:process_memory_win.cc(73)] ReadMemory at 0x7ffa160e0000 of 64 bytes failed: Only part of a ReadProcessMemory or WriteProcessMemory request was completed. (0x12B)
[0710/001758.782:WARNING:pe_image_reader.cc(340)] could not read dos header from C:\WINDOWS\SYSTEM32\IPHLPAPI.DLL
[0710/001758.782:ERROR:process_memory_win.cc(73)] ReadMemory at 0x7ffa14b00000 of 64 bytes failed: Only part of a ReadProcessMemory or WriteProcessMemory request was completed. (0x12B)
[0710/001758.782:WARNING:pe_image_reader.cc(340)] could not read dos header from C:\WINDOWS\SYSTEM32\WINMM.dll
[0710/001758.782:ERROR:process_memory_win.cc(73)] ReadMemory at 0x7ff9f6200000 of 64 bytes failed: Only part of a ReadProcessMemory or WriteProcessMemory request was completed. (0x12B)
[0710/001758.782:WARNING:pe_image_reader.cc(340)] could not read dos header from C:\WINDOWS\SYSTEM32\Secur32.dll
[0710/001758.782:ERROR:process_memory_win.cc(73)] ReadMemory at 0x7ffa16a50000 of 64 bytes failed: Only part of a ReadProcessMemory or WriteProcessMemory request was completed. (0x12B)
[0710/001758.782:WARNING:pe_image_reader.cc(340)] could not read dos header from C:\WINDOWS\SYSTEM32\USERENV.dll
[0710/001758.782:ERROR:process_memory_win.cc(73)] ReadMemory at 0x7ffa16c00000 of 64 bytes failed: Only part of a ReadProcessMemory or WriteProcessMemory request was completed. (0x12B)
[0710/001758.782:WARNING:pe_image_reader.cc(340)] could not read dos header from C:\WINDOWS\System32\profapi.dll
[0710/001758.782:ERROR:process_memory_win.cc(73)] ReadMemory at 0x7ff9ef840000 of 64 bytes failed: Only part of a ReadProcessMemory or WriteProcessMemory request was completed. (0x12B)
[0710/001758.782:WARNING:pe_image_reader.cc(340)] could not read dos header from C:\WINDOWS\SYSTEM32\UIAutomationCore.DLL
[0710/001758.782:ERROR:process_memory_win.cc(73)] ReadMemory at 0x7ffa0e0d0000 of 64 bytes failed: Only part of a ReadProcessMemory or WriteProcessMemory request was completed. (0x12B)
[0710/001758.782:WARNING:pe_image_reader.cc(340)] could not read dos header from C:\WINDOWS\SYSTEM32\WINHTTP.dll
[0710/001758.782:ERROR:process_memory_win.cc(73)] ReadMemory at 0x7ff9fd3e0000 of 64 bytes failed: Only part of a ReadProcessMemory or WriteProcessMemory request was completed. (0x12B)
[0710/001758.782:WARNING:pe_image_reader.cc(340)] could not read dos header from C:\WINDOWS\SYSTEM32\DWrite.dll
[0710/001758.783:ERROR:process_memory_win.cc(73)] ReadMemory at 0x7ffa09ff0000 of 64 bytes failed: Only part of a ReadProcessMemory or WriteProcessMemory request was completed. (0x12B)
[0710/001758.783:WARNING:pe_image_reader.cc(340)] could not read dos header from C:\WINDOWS\SYSTEM32\WINSPOOL.DRV
[0710/001758.783:ERROR:process_memory_win.cc(73)] ReadMemory at 0x7ffa16b70000 of 64 bytes failed: Only part of a ReadProcessMemory or WriteProcessMemory request was completed. (0x12B)
[0710/001758.783:WARNING:pe_image_reader.cc(340)] could not read dos header from C:\WINDOWS\System32\kernel.appcore.dll
[0710/001758.783:ERROR:process_memory_win.cc(73)] ReadMemory at 0x7ffa16fb0000 of 64 bytes failed: Only part of a ReadProcessMemory or WriteProcessMemory request was completed. (0x12B)
[0710/001758.783:WARNING:pe_image_reader.cc(340)] could not read dos header from C:\WINDOWS\System32\bcrypt.dll
[0710/001758.783:ERROR:process_memory_win.cc(73)] ReadMemory at 0x7ff9fb6e0000 of 64 bytes failed: Only part of a ReadProcessMemory or WriteProcessMemory request was completed. (0x12B)
[0710/001758.783:WARNING:pe_image_reader.cc(340)] could not read dos header from C:\WINDOWS\SYSTEM32\dbghelp.dll
[0710/001758.783:ERROR:process_memory_win.cc(73)] ReadMemory at 0x7ffa0e060000 of 64 bytes failed: Only part of a ReadProcessMemory or WriteProcessMemory request was completed. (0x12B)
[0710/001758.783:WARNING:pe_image_reader.cc(340)] could not read dos header from C:\WINDOWS\SYSTEM32\dhcpcsvc.DLL
[0710/001758.783:ERROR:process_memory_win.cc(73)] ReadMemory at 0x7ffa18140000 of 64 bytes failed: Only part of a ReadProcessMemory or WriteProcessMemory request was completed. (0x12B)
[0710/001758.783:WARNING:pe_image_reader.cc(340)] could not read dos header from C:\WINDOWS\System32\NSI.dll
[0710/001758.783:ERROR:process_memory_win.cc(73)] ReadMemory at 0x7ffa14aa0000 of 64 bytes failed: Only part of a ReadProcessMemory or WriteProcessMemory request was completed. (0x12B)
[0710/001758.783:WARNING:pe_image_reader.cc(340)] could not read dos header from C:\WINDOWS\SYSTEM32\WINMMBASE.dll
[0710/001758.783:ERROR:process_memory_win.cc(73)] ReadMemory at 0x7ffa16fe0000 of 64 bytes failed: Only part of a ReadProcessMemory or WriteProcessMemory request was completed. (0x12B)
[0710/001758.783:WARNING:pe_image_reader.cc(340)] could not read dos header from C:\WINDOWS\System32\cfgmgr32.dll
[0710/001758.784:ERROR:process_memory_win.cc(73)] ReadMemory at 0x7ffa13510000 of 64 bytes failed: Only part of a ReadProcessMemory or WriteProcessMemory request was completed. (0x12B)
[0710/001758.784:WARNING:pe_image_reader.cc(340)] could not read dos header from C:\WINDOWS\SYSTEM32\PROPSYS.dll
[0710/001758.784:ERROR:process_memory_win.cc(73)] ReadMemory at 0x7ffa18270000 of 64 bytes failed: Only part of a ReadProcessMemory or WriteProcessMemory request was completed. (0x12B)
[0710/001758.784:WARNING:pe_image_reader.cc(340)] could not read dos header from C:\WINDOWS\System32\shcore.dll
[0710/001758.784:ERROR:process_memory_win.cc(73)] ReadMemory at 0x7ffa16a80000 of 64 bytes failed: Only part of a ReadProcessMemory or WriteProcessMemory request was completed. (0x12B)
[0710/001758.784:WARNING:pe_image_reader.cc(340)] could not read dos header from C:\WINDOWS\SYSTEM32\SSPICLI.DLL
[0710/001758.784:ERROR:process_memory_win.cc(73)] ReadMemory at 0x7ffa165a0000 of 64 bytes failed: Only part of a ReadProcessMemory or WriteProcessMemory request was completed. (0x12B)
[0710/001758.784:WARNING:pe_image_reader.cc(340)] could not read dos header from C:\WINDOWS\SYSTEM32\CRYPTBASE.DLL
[0710/001758.788:ERROR:process_memory_win.cc(73)] ReadMemory at 0x7ff78c9b0000 of 64 bytes failed: Only part of a ReadProcessMemory or WriteProcessMemory request was completed. (0x12B)
[0710/001758.788:WARNING:pe_image_reader.cc(340)] could not read dos header from C:\Program Files (x86)\Microsoft\Edge\Application\msedge.exe
[0710/001758.788:ERROR:process_memory_win.cc(73)] ReadMemory at 0x7ffa19ca0000 of 64 bytes failed: Only part of a ReadProcessMemory or WriteProcessMemory request was completed. (0x12B)
[0710/001758.788:WARNING:pe_image_reader.cc(340)] could not read dos header from C:\WINDOWS\SYSTEM32\ntdll.dll
[0710/001758.788:ERROR:process_memory_win.cc(73)] ReadMemory at 0x7ffa19ba0000 of 64 bytes failed: Only part of a ReadProcessMemory or WriteProcessMemory request was completed. (0x12B)
[0710/001758.788:WARNING:pe_image_reader.cc(340)] could not read dos header from C:\WINDOWS\System32\KERNEL32.DLL
[0710/001758.788:ERROR:process_memory_win.cc(73)] ReadMemory at 0x7ffa16c50000 of 64 bytes failed: Only part of a ReadProcessMemory or WriteProcessMemory request was completed. (0x12B)
[0710/001758.788:WARNING:pe_image_reader.cc(340)] could not read dos header from C:\WINDOWS\System32\KERNELBASE.dll
[0710/001758.788:ERROR:process_memory_win.cc(73)] ReadMemory at 0x7ff9e6fc0000 of 64 bytes failed: Only part of a ReadProcessMemory or WriteProcessMemory request was completed. (0x12B)
[0710/001758.788:WARNING:pe_image_reader.cc(340)] could not read dos header from C:\Program Files (x86)\Microsoft\Edge\Application\83.0.478.61\msedge_elf.dll
[0710/001758.788:ERROR:process_memory_win.cc(73)] ReadMemory at 0x7ffa17260000 of 64 bytes failed: Only part of a ReadProcessMemory or WriteProcessMemory request was completed. (0x12B)
[0710/001758.788:WARNING:pe_image_reader.cc(340)] could not read dos header from C:\WINDOWS\System32\bcryptPrimitives.dll
[0710/001758.789:ERROR:process_memory_win.cc(73)] ReadMemory at 0x7ffa18030000 of 64 bytes failed: Only part of a ReadProcessMemory or WriteProcessMemory request was completed. (0x12B)
[0710/001758.789:WARNING:pe_image_reader.cc(340)] could not read dos header from C:\WINDOWS\System32\ADVAPI32.dll
[0710/001758.789:ERROR:process_memory_win.cc(73)] ReadMemory at 0x7ffa18be0000 of 64 bytes failed: Only part of a ReadProcessMemory or WriteProcessMemory request was completed. (0x12B)
[0710/001758.789:WARNING:pe_image_reader.cc(340)] could not read dos header from C:\WINDOWS\System32\msvcrt.dll
[0710/001758.789:ERROR:process_memory_win.cc(73)] ReadMemory at 0x7ffa18450000 of 64 bytes failed: Only part of a ReadProcessMemory or WriteProcessMemory request was completed. (0x12B)
[0710/001758.789:WARNING:pe_image_reader.cc(340)] could not read dos header from C:\WINDOWS\System32\sechost.dll
[0710/001758.789:ERROR:process_memory_win.cc(73)] ReadMemory at 0x7ffa17dd0000 of 64 bytes failed: Only part of a ReadProcessMemory or WriteProcessMemory request was completed. (0x12B)
[0710/001758.789:WARNING:pe_image_reader.cc(340)] could not read dos header from C:\WINDOWS\System32\RPCRT4.dll
[0710/001758.789:ERROR:process_memory_win.cc(73)] ReadMemory at 0x7ff9cd370000 of 64 bytes failed: Only part of a ReadProcessMemory or WriteProcessMemory request was completed. (0x12B)
[0710/001758.789:WARNING:pe_image_reader.cc(340)] could not read dos header from C:\Program Files (x86)\Microsoft\Edge\Application\83.0.478.61\msedge.dll
[0710/001758.790:ERROR:process_memory_win.cc(73)] ReadMemory at 0x7ffa183e0000 of 64 bytes failed: Only part of a ReadProcessMemory or WriteProcessMemory request was completed. (0x12B)
[0710/001758.790:WARNING:pe_image_reader.cc(340)] could not read dos header from C:\WINDOWS\System32\WS2_32.dll
[0710/001758.790:ERROR:process_memory_win.cc(73)] ReadMemory at 0x7ffa19a00000 of 64 bytes failed: Only part of a ReadProcessMemory or WriteProcessMemory request was completed. (0x12B)
[0710/001758.790:WARNING:pe_image_reader.cc(340)] could not read dos header from C:\WINDOWS\System32\OLEAUT32.dll
[0710/001758.790:ERROR:process_memory_win.cc(73)] ReadMemory at 0x7ffa172e0000 of 64 bytes failed: Only part of a ReadProcessMemory or WriteProcessMemory request was completed. (0x12B)
[0710/001758.790:WARNING:pe_image_reader.cc(340)] could not read dos header from C:\WINDOWS\System32\msvcp_win.dll
[0710/001758.790:ERROR:process_memory_win.cc(73)] ReadMemory at 0x7ffa17c50000 of 64 bytes failed: Only part of a ReadProcessMemory or WriteProcessMemory request was completed. (0x12B)
[0710/001758.790:WARNING:pe_image_reader.cc(340)] could not read dos header from C:\WINDOWS\System32\ucrtbase.dll
[0710/001758.790:ERROR:process_memory_win.cc(73)] ReadMemory at 0x7ffa196c0000 of 64 bytes failed: Only part of a ReadProcessMemory or WriteProcessMemory request was completed. (0x12B)
[0710/001758.790:WARNING:pe_image_reader.cc(340)] could not read dos header from C:\WINDOWS\System32\combase.dll
[0710/001758.790:ERROR:process_memory_win.cc(73)] ReadMemory at 0x7ffa171d0000 of 64 bytes failed: Only part of a ReadProcessMemory or WriteProcessMemory request was completed. (0x12B)
[0710/001758.791:WARNING:pe_image_reader.cc(340)] could not read dos header from C:\WINDOWS\System32\WINTRUST.dll
[0710/001758.791:ERROR:process_memory_win.cc(73)] ReadMemory at 0x7ffa16b90000 of 64 bytes failed: Only part of a ReadProcessMemory or WriteProcessMemory request was completed. (0x12B)
[0710/001758.791:WARNING:pe_image_reader.cc(340)] could not read dos header from C:\WINDOWS\System32\MSASN1.dll
[0710/001758.791:ERROR:process_memory_win.cc(73)] ReadMemory at 0x7ffa17b00000 of 64 bytes failed: Only part of a ReadProcessMemory or WriteProcessMemory request was completed. (0x12B)
[0710/001758.791:WARNING:pe_image_reader.cc(340)] could not read dos header from C:\WINDOWS\System32\CRYPT32.dll
[0710/001758.791:ERROR:process_memory_win.cc(73)] ReadMemory at 0x7ffa160e0000 of 64 bytes failed: Only part of a ReadProcessMemory or WriteProcessMemory request was completed. (0x12B)
[0710/001758.792:WARNING:pe_image_reader.cc(340)] could not read dos header from C:\WINDOWS\SYSTEM32\IPHLPAPI.DLL
[0710/001758.792:ERROR:process_memory_win.cc(73)] ReadMemory at 0x7ffa14b00000 of 64 bytes failed: Only part of a ReadProcessMemory or WriteProcessMemory request was completed. (0x12B)
[0710/001758.792:WARNING:pe_image_reader.cc(340)] could not read dos header from C:\WINDOWS\SYSTEM32\WINMM.dll
[0710/001758.792:ERROR:process_memory_win.cc(73)] ReadMemory at 0x7ff9f6200000 of 64 bytes failed: Only part of a ReadProcessMemory or WriteProcessMemory request was completed. (0x12B)
[0710/001758.792:WARNING:pe_image_reader.cc(340)] could not read dos header from C:\WINDOWS\SYSTEM32\Secur32.dll
[0710/001758.792:ERROR:process_memory_win.cc(73)] ReadMemory at 0x7ffa16a50000 of 64 bytes failed: Only part of a ReadProcessMemory or WriteProcessMemory request was completed. (0x12B)
[0710/001758.792:WARNING:pe_image_reader.cc(340)] could not read dos header from C:\WINDOWS\SYSTEM32\USERENV.dll
[0710/001758.792:ERROR:process_memory_win.cc(73)] ReadMemory at 0x7ffa16c00000 of 64 bytes failed: Only part of a ReadProcessMemory or WriteProcessMemory request was completed. (0x12B)
[0710/001758.792:WARNING:pe_image_reader.cc(340)] could not read dos header from C:\WINDOWS\System32\profapi.dll
[0710/001758.792:ERROR:process_memory_win.cc(73)] ReadMemory at 0x7ff9ef840000 of 64 bytes failed: Only part of a ReadProcessMemory or WriteProcessMemory request was completed. (0x12B)
[0710/001758.792:WARNING:pe_image_reader.cc(340)] could not read dos header from C:\WINDOWS\SYSTEM32\UIAutomationCore.DLL
[0710/001758.792:ERROR:process_memory_win.cc(73)] ReadMemory at 0x7ffa0e0d0000 of 64 bytes failed: Only part of a ReadProcessMemory or WriteProcessMemory request was completed. (0x12B)
[0710/001758.792:WARNING:pe_image_reader.cc(340)] could not read dos header from C:\WINDOWS\SYSTEM32\WINHTTP.dll
[0710/001758.792:ERROR:process_memory_win.cc(73)] ReadMemory at 0x7ff9fd3e0000 of 64 bytes failed: Only part of a ReadProcessMemory or WriteProcessMemory request was completed. (0x12B)
[0710/001758.792:WARNING:pe_image_reader.cc(340)] could not read dos header from C:\WINDOWS\SYSTEM32\DWrite.dll
[0710/001758.793:ERROR:process_memory_win.cc(73)] ReadMemory at 0x7ffa09ff0000 of 64 bytes failed: Only part of a ReadProcessMemory or WriteProcessMemory request was completed. (0x12B)
[0710/001758.793:WARNING:pe_image_reader.cc(340)] could not read dos header from C:\WINDOWS\SYSTEM32\WINSPOOL.DRV
[0710/001758.793:ERROR:process_memory_win.cc(73)] ReadMemory at 0x7ffa16b70000 of 64 bytes failed: Only part of a ReadProcessMemory or WriteProcessMemory request was completed. (0x12B)
[0710/001758.793:WARNING:pe_image_reader.cc(340)] could not read dos header from C:\WINDOWS\System32\kernel.appcore.dll
[0710/001758.793:ERROR:process_memory_win.cc(73)] ReadMemory at 0x7ffa16fb0000 of 64 bytes failed: Only part of a ReadProcessMemory or WriteProcessMemory request was completed. (0x12B)
[0710/001758.793:WARNING:pe_image_reader.cc(340)] could not read dos header from C:\WINDOWS\System32\bcrypt.dll
[0710/001758.793:ERROR:process_memory_win.cc(73)] ReadMemory at 0x7ff9fb6e0000 of 64 bytes failed: Only part of a ReadProcessMemory or WriteProcessMemory request was completed. (0x12B)
[0710/001758.793:WARNING:pe_image_reader.cc(340)] could not read dos header from C:\WINDOWS\SYSTEM32\dbghelp.dll
[0710/001758.793:ERROR:process_memory_win.cc(73)] ReadMemory at 0x7ffa0e060000 of 64 bytes failed: Only part of a ReadProcessMemory or WriteProcessMemory request was completed. (0x12B)
[0710/001758.793:WARNING:pe_image_reader.cc(340)] could not read dos header from C:\WINDOWS\SYSTEM32\dhcpcsvc.DLL
[0710/001758.793:ERROR:process_memory_win.cc(73)] ReadMemory at 0x7ffa18140000 of 64 bytes failed: Only part of a ReadProcessMemory or WriteProcessMemory request was completed. (0x12B)
[0710/001758.793:WARNING:pe_image_reader.cc(340)] could not read dos header from C:\WINDOWS\System32\NSI.dll
[0710/001758.793:ERROR:process_memory_win.cc(73)] ReadMemory at 0x7ffa14aa0000 of 64 bytes failed: Only part of a ReadProcessMemory or WriteProcessMemory request was completed. (0x12B)
[0710/001758.793:WARNING:pe_image_reader.cc(340)] could not read dos header from C:\WINDOWS\SYSTEM32\WINMMBASE.dll
[0710/001758.793:ERROR:process_memory_win.cc(73)] ReadMemory at 0x7ffa16fe0000 of 64 bytes failed: Only part of a ReadProcessMemory or WriteProcessMemory request was completed. (0x12B)
[0710/001758.793:WARNING:pe_image_reader.cc(340)] could not read dos header from C:\WINDOWS\System32\cfgmgr32.dll
[0710/001758.793:ERROR:process_memory_win.cc(73)] ReadMemory at 0x7ffa13510000 of 64 bytes failed: Only part of a ReadProcessMemory or WriteProcessMemory request was completed. (0x12B)
[0710/001758.794:WARNING:pe_image_reader.cc(340)] could not read dos header from C:\WINDOWS\SYSTEM32\PROPSYS.dll
[0710/001758.794:ERROR:process_memory_win.cc(73)] ReadMemory at 0x7ffa18270000 of 64 bytes failed: Only part of a ReadProcessMemory or WriteProcessMemory request was completed. (0x12B)
[0710/001758.794:WARNING:pe_image_reader.cc(340)] could not read dos header from C:\WINDOWS\System32\shcore.dll
[0710/001758.794:ERROR:process_memory_win.cc(73)] ReadMemory at 0x7ffa16a80000 of 64 bytes failed: Only part of a ReadProcessMemory or WriteProcessMemory request was completed. (0x12B)
[0710/001758.794:WARNING:pe_image_reader.cc(340)] could not read dos header from C:\WINDOWS\SYSTEM32\SSPICLI.DLL
[0710/001758.794:ERROR:process_memory_win.cc(73)] ReadMemory at 0x7ffa165a0000 of 64 bytes failed: Only part of a ReadProcessMemory or WriteProcessMemory request was completed. (0x12B)
[0710/001758.794:WARNING:pe_image_reader.cc(340)] could not read dos header from C:\WINDOWS\SYSTEM32\CRYPTBASE.DLL
[0710/001758.794:ERROR:process_memory_win.cc(73)] ReadMemory at 0x7ff78c9b0000 of 64 bytes failed: Only part of a ReadProcessMemory or WriteProcessMemory request was completed. (0x12B)
[0710/001758.794:WARNING:pe_image_reader.cc(340)] could not read dos header from C:\Program Files (x86)\Microsoft\Edge\Application\msedge.exe
[0710/001758.794:ERROR:process_memory_win.cc(73)] ReadMemory at 0x7ffa19ca0000 of 64 bytes failed: Only part of a ReadProcessMemory or WriteProcessMemory request was completed. (0x12B)
[0710/001758.794:WARNING:pe_image_reader.cc(340)] could not read dos header from C:\WINDOWS\SYSTEM32\ntdll.dll
[0710/001758.794:ERROR:process_memory_win.cc(73)] ReadMemory at 0x7ffa19ba0000 of 64 bytes failed: Only part of a ReadProcessMemory or WriteProcessMemory request was completed. (0x12B)
[0710/001758.794:WARNING:pe_image_reader.cc(340)] could not read dos header from C:\WINDOWS\System32\KERNEL32.DLL
[0710/001758.794:ERROR:process_memory_win.cc(73)] ReadMemory at 0x7ffa16c50000 of 64 bytes failed: Only part of a ReadProcessMemory or WriteProcessMemory request was completed. (0x12B)
[0710/001758.794:WARNING:pe_image_reader.cc(340)] could not read dos header from C:\WINDOWS\System32\KERNELBASE.dll
[0710/001758.794:ERROR:process_memory_win.cc(73)] ReadMemory at 0x7ff9e6fc0000 of 64 bytes failed: Only part of a ReadProcessMemory or WriteProcessMemory request was completed. (0x12B)
[0710/001758.795:WARNING:pe_image_reader.cc(340)] could not read dos header from C:\Program Files (x86)\Microsoft\Edge\Application\83.0.478.61\msedge_elf.dll
[0710/001758.795:ERROR:process_memory_win.cc(73)] ReadMemory at 0x7ffa17260000 of 64 bytes failed: Only part of a ReadProcessMemory or WriteProcessMemory request was completed. (0x12B)
[0710/001758.795:WARNING:pe_image_reader.cc(340)] could not read dos header from C:\WINDOWS\System32\bcryptPrimitives.dll
[0710/001758.795:ERROR:process_memory_win.cc(73)] ReadMemory at 0x7ffa18030000 of 64 bytes failed: Only part of a ReadProcessMemory or WriteProcessMemory request was completed. (0x12B)
[0710/001758.795:WARNING:pe_image_reader.cc(340)] could not read dos header from C:\WINDOWS\System32\ADVAPI32.dll
[0710/001758.795:ERROR:process_memory_win.cc(73)] ReadMemory at 0x7ffa18be0000 of 64 bytes failed: Only part of a ReadProcessMemory or WriteProcessMemory request was completed. (0x12B)
[0710/001758.795:WARNING:pe_image_reader.cc(340)] could not read dos header from C:\WINDOWS\System32\msvcrt.dll
[0710/001758.795:ERROR:process_memory_win.cc(73)] ReadMemory at 0x7ffa18450000 of 64 bytes failed: Only part of a ReadProcessMemory or WriteProcessMemory request was completed. (0x12B)
[0710/001758.795:WARNING:pe_image_reader.cc(340)] could not read dos header from C:\WINDOWS\System32\sechost.dll
[0710/001758.795:ERROR:process_memory_win.cc(73)] ReadMemory at 0x7ffa17dd0000 of 64 bytes failed: Only part of a ReadProcessMemory or WriteProcessMemory request was completed. (0x12B)
[0710/001758.795:WARNING:pe_image_reader.cc(340)] could not read dos header from C:\WINDOWS\System32\RPCRT4.dll
[0710/001758.795:ERROR:process_memory_win.cc(73)] ReadMemory at 0x7ff9cd370000 of 64 bytes failed: Only part of a ReadProcessMemory or WriteProcessMemory request was completed. (0x12B)
[0710/001758.795:WARNING:pe_image_reader.cc(340)] could not read dos header from C:\Program Files (x86)\Microsoft\Edge\Application\83.0.478.61\msedge.dll
[0710/001758.795:ERROR:process_memory_win.cc(73)] ReadMemory at 0x7ffa183e0000 of 64 bytes failed: Only part of a ReadProcessMemory or WriteProcessMemory request was completed. (0x12B)
[0710/001758.795:WARNING:pe_image_reader.cc(340)] could not read dos header from C:\WINDOWS\System32\WS2_32.dll
[0710/001758.795:ERROR:process_memory_win.cc(73)] ReadMemory at 0x7ffa19a00000 of 64 bytes failed: Only part of a ReadProcessMemory or WriteProcessMemory request was completed. (0x12B)
[0710/001758.795:WARNING:pe_image_reader.cc(340)] could not read dos header from C:\WINDOWS\System32\OLEAUT32.dll
[0710/001758.796:ERROR:process_memory_win.cc(73)] ReadMemory at 0x7ffa172e0000 of 64 bytes failed: Only part of a ReadProcessMemory or WriteProcessMemory request was completed. (0x12B)
[0710/001758.796:WARNING:pe_image_reader.cc(340)] could not read dos header from C:\WINDOWS\System32\msvcp_win.dll
[0710/001758.796:ERROR:process_memory_win.cc(73)] ReadMemory at 0x7ffa17c50000 of 64 bytes failed: Only part of a ReadProcessMemory or WriteProcessMemory request was completed. (0x12B)
[0710/001758.796:WARNING:pe_image_reader.cc(340)] could not read dos header from C:\WINDOWS\System32\ucrtbase.dll
[0710/001758.796:ERROR:process_memory_win.cc(73)] ReadMemory at 0x7ffa196c0000 of 64 bytes failed: Only part of a ReadProcessMemory or WriteProcessMemory request was completed. (0x12B)
[0710/001758.796:WARNING:pe_image_reader.cc(340)] could not read dos header from C:\WINDOWS\System32\combase.dll
[0710/001758.796:ERROR:process_memory_win.cc(73)] ReadMemory at 0x7ffa171d0000 of 64 bytes failed: Only part of a ReadProcessMemory or WriteProcessMemory request was completed. (0x12B)
[0710/001758.796:WARNING:pe_image_reader.cc(340)] could not read dos header from C:\WINDOWS\System32\WINTRUST.dll
[0710/001758.796:ERROR:process_memory_win.cc(73)] ReadMemory at 0x7ffa16b90000 of 64 bytes failed: Only part of a ReadProcessMemory or WriteProcessMemory request was completed. (0x12B)
[0710/001758.796:WARNING:pe_image_reader.cc(340)] could not read dos header from C:\WINDOWS\System32\MSASN1.dll
[0710/001758.796:ERROR:process_memory_win.cc(73)] ReadMemory at 0x7ffa17b00000 of 64 bytes failed: Only part of a ReadProcessMemory or WriteProcessMemory request was completed. (0x12B)
[0710/001758.796:WARNING:pe_image_reader.cc(340)] could not read dos header from C:\WINDOWS\System32\CRYPT32.dll
[0710/001758.796:ERROR:process_memory_win.cc(73)] ReadMemory at 0x7ffa160e0000 of 64 bytes failed: Only part of a ReadProcessMemory or WriteProcessMemory request was completed. (0x12B)
[0710/001758.796:WARNING:pe_image_reader.cc(340)] could not read dos header from C:\WINDOWS\SYSTEM32\IPHLPAPI.DLL
[0710/001758.796:ERROR:process_memory_win.cc(73)] ReadMemory at 0x7ffa14b00000 of 64 bytes failed: Only part of a ReadProcessMemory or WriteProcessMemory request was completed. (0x12B)
[0710/001758.796:WARNING:pe_image_reader.cc(340)] could not read dos header from C:\WINDOWS\SYSTEM32\WINMM.dll
[0710/001758.797:ERROR:process_memory_win.cc(73)] ReadMemory at 0x7ff9f6200000 of 64 bytes failed: Only part of a ReadProcessMemory or WriteProcessMemory request was completed. (0x12B)
[0710/001758.797:WARNING:pe_image_reader.cc(340)] could not read dos header from C:\WINDOWS\SYSTEM32\Secur32.dll
[0710/001758.797:ERROR:process_memory_win.cc(73)] ReadMemory at 0x7ffa16a50000 of 64 bytes failed: Only part of a ReadProcessMemory or WriteProcessMemory request was completed. (0x12B)
[0710/001758.797:WARNING:pe_image_reader.cc(340)] could not read dos header from C:\WINDOWS\SYSTEM32\USERENV.dll
[0710/001758.797:ERROR:process_memory_win.cc(73)] ReadMemory at 0x7ffa16c00000 of 64 bytes failed: Only part of a ReadProcessMemory or WriteProcessMemory request was completed. (0x12B)
[0710/001758.797:WARNING:pe_image_reader.cc(340)] could not read dos header from C:\WINDOWS\System32\profapi.dll
[0710/001758.797:ERROR:process_memory_win.cc(73)] ReadMemory at 0x7ff9ef840000 of 64 bytes failed: Only part of a ReadProcessMemory or WriteProcessMemory request was completed. (0x12B)
[0710/001758.797:WARNING:pe_image_reader.cc(340)] could not read dos header from C:\WINDOWS\SYSTEM32\UIAutomationCore.DLL
[0710/001758.797:ERROR:process_memory_win.cc(73)] ReadMemory at 0x7ffa0e0d0000 of 64 bytes failed: Only part of a ReadProcessMemory or WriteProcessMemory request was completed. (0x12B)
[0710/001758.797:WARNING:pe_image_reader.cc(340)] could not read dos header from C:\WINDOWS\SYSTEM32\WINHTTP.dll
[0710/001758.797:ERROR:process_memory_win.cc(73)] ReadMemory at 0x7ff9fd3e0000 of 64 bytes failed: Only part of a ReadProcessMemory or WriteProcessMemory request was completed. (0x12B)
[0710/001758.797:WARNING:pe_image_reader.cc(340)] could not read dos header from C:\WINDOWS\SYSTEM32\DWrite.dll
[0710/001758.797:ERROR:process_memory_win.cc(73)] ReadMemory at 0x7ffa09ff0000 of 64 bytes failed: Only part of a ReadProcessMemory or WriteProcessMemory request was completed. (0x12B)
[0710/001758.797:WARNING:pe_image_reader.cc(340)] could not read dos header from C:\WINDOWS\SYSTEM32\WINSPOOL.DRV
[0710/001758.797:ERROR:process_memory_win.cc(73)] ReadMemory at 0x7ffa16b70000 of 64 bytes failed: Only part of a ReadProcessMemory or WriteProcessMemory request was completed. (0x12B)
[0710/001758.798:WARNING:pe_image_reader.cc(340)] could not read dos header from C:\WINDOWS\System32\kernel.appcore.dll
[0710/001758.798:ERROR:process_memory_win.cc(73)] ReadMemory at 0x7ffa16fb0000 of 64 bytes failed: Only part of a ReadProcessMemory or WriteProcessMemory request was completed. (0x12B)
[0710/001758.798:WARNING:pe_image_reader.cc(340)] could not read dos header from C:\WINDOWS\System32\bcrypt.dll
[0710/001758.798:ERROR:process_memory_win.cc(73)] ReadMemory at 0x7ff9fb6e0000 of 64 bytes failed: Only part of a ReadProcessMemory or WriteProcessMemory request was completed. (0x12B)
[0710/001758.798:WARNING:pe_image_reader.cc(340)] could not read dos header from C:\WINDOWS\SYSTEM32\dbghelp.dll
[0710/001758.798:ERROR:process_memory_win.cc(73)] ReadMemory at 0x7ffa0e060000 of 64 bytes failed: Only part of a ReadProcessMemory or WriteProcessMemory request was completed. (0x12B)
[0710/001758.798:WARNING:pe_image_reader.cc(340)] could not read dos header from C:\WINDOWS\SYSTEM32\dhcpcsvc.DLL
[0710/001758.798:ERROR:process_memory_win.cc(73)] ReadMemory at 0x7ffa18140000 of 64 bytes failed: Only part of a ReadProcessMemory or WriteProcessMemory request was completed. (0x12B)
[0710/001758.798:WARNING:pe_image_reader.cc(340)] could not read dos header from C:\WINDOWS\System32\NSI.dll
[0710/001758.798:ERROR:process_memory_win.cc(73)] ReadMemory at 0x7ffa14aa0000 of 64 bytes failed: Only part of a ReadProcessMemory or WriteProcessMemory request was completed. (0x12B)
[0710/001758.798:WARNING:pe_image_reader.cc(340)] could not read dos header from C:\WINDOWS\SYSTEM32\WINMMBASE.dll
[0710/001758.798:ERROR:process_memory_win.cc(73)] ReadMemory at 0x7ffa16fe0000 of 64 bytes failed: Only part of a ReadProcessMemory or WriteProcessMemory request was completed. (0x12B)
[0710/001758.798:WARNING:pe_image_reader.cc(340)] could not read dos header from C:\WINDOWS\System32\cfgmgr32.dll
[0710/001758.798:ERROR:process_memory_win.cc(73)] ReadMemory at 0x7ffa13510000 of 64 bytes failed: Only part of a ReadProcessMemory or WriteProcessMemory request was completed. (0x12B)
[0710/001758.798:WARNING:pe_image_reader.cc(340)] could not read dos header from C:\WINDOWS\SYSTEM32\PROPSYS.dll
[0710/001758.798:ERROR:process_memory_win.cc(73)] ReadMemory at 0x7ffa18270000 of 64 bytes failed: Only part of a ReadProcessMemory or WriteProcessMemory request was completed. (0x12B)
[0710/001758.799:WARNING:pe_image_reader.cc(340)] could not read dos header from C:\WINDOWS\System32\shcore.dll
[0710/001758.799:ERROR:process_memory_win.cc(73)] ReadMemory at 0x7ffa16a80000 of 64 bytes failed: Only part of a ReadProcessMemory or WriteProcessMemory request was completed. (0x12B)
[0710/001758.799:WARNING:pe_image_reader.cc(340)] could not read dos header from C:\WINDOWS\SYSTEM32\SSPICLI.DLL
[0710/001758.799:ERROR:process_memory_win.cc(73)] ReadMemory at 0x7ffa165a0000 of 64 bytes failed: Only part of a ReadProcessMemory or WriteProcessMemory request was completed. (0x12B)
[0710/001758.799:WARNING:pe_image_reader.cc(340)] could not read dos header from C:\WINDOWS\SYSTEM32\CRYPTBASE.DLL
[0710/001758.811:ERROR:process_memory_win.cc(73)] ReadMemory at 0xda108f4000 of 852 bytes failed: Only part of a ReadProcessMemory or WriteProcessMemory request was completed. (0x12B)
[0710/001758.811:ERROR:process_memory_win.cc(73)] ReadMemory at 0x29f63d402c0 of 40 bytes failed: Only part of a ReadProcessMemory or WriteProcessMemory request was completed. (0x12B)
[0710/001758.811:ERROR:process_memory_win.cc(73)] ReadMemory at 0x29f63d502c0 of 40 bytes failed: Only part of a ReadProcessMemory or WriteProcessMemory request was completed. (0x12B)
[0710/001758.811:ERROR:process_memory_win.cc(73)] ReadMemory at 0x29f63e502c0 of 40 bytes failed: Only part of a ReadProcessMemory or WriteProcessMemory request was completed. (0x12B)
[0710/001758.811:ERROR:process_memory_win.cc(73)] ReadMemory at 0x29f63e50770 of 48 bytes failed: Only part of a ReadProcessMemory or WriteProcessMemory request was completed. (0x12B)
[0710/001758.811:ERROR:process_memory_win.cc(73)] ReadMemory at 0x29f63e50fe0 of 5396 bytes failed: Only part of a ReadProcessMemory or WriteProcessMemory request was completed. (0x12B)
[0710/001758.812:ERROR:process_memory_win.cc(73)] ReadMemory at 0x29f63e52500 of 1012 bytes failed: Only part of a ReadProcessMemory or WriteProcessMemory request was completed. (0x12B)
[0710/001758.812:ERROR:process_memory_win.cc(73)] ReadMemory at 0x29f63e52b48 of 120 bytes failed: Only part of a ReadProcessMemory or WriteProcessMemory request was completed. (0x12B)
[0710/001758.812:ERROR:process_memory_win.cc(73)] ReadMemory at 0x29f63e52bc2 of 838 bytes failed: Only part of a ReadProcessMemory or WriteProcessMemory request was completed. (0x12B)
[0710/001758.812:ERROR:process_memory_win.cc(73)] ReadMemory at 0x29f63e52f0a of 120 bytes failed: Only part of a ReadProcessMemory or WriteProcessMemory request was completed. (0x12B)
[0710/001758.812:ERROR:process_memory_win.cc(73)] ReadMemory at 0x29f63e52f84 of 100 bytes failed: Only part of a ReadProcessMemory or WriteProcessMemory request was completed. (0x12B)
[0710/001758.812:ERROR:process_memory_win.cc(73)] ReadMemory at 0x29f63e53000 of 58 bytes failed: Only part of a ReadProcessMemory or WriteProcessMemory request was completed. (0x12B)
[0710/001758.812:ERROR:process_memory_win.cc(73)] ReadMemory at 0x29f63e53100 of 132 bytes failed: Only part of a ReadProcessMemory or WriteProcessMemory request was completed. (0x12B)
[0710/001758.813:ERROR:process_memory_win.cc(73)] ReadMemory at 0x29f63e53290 of 132 bytes failed: Only part of a ReadProcessMemory or WriteProcessMemory request was completed. (0x12B)
[0710/001758.813:ERROR:process_memory_win.cc(73)] ReadMemory at 0x29f63e53830 of 132 bytes failed: Only part of a ReadProcessMemory or WriteProcessMemory request was completed. (0x12B)
[0710/001758.813:ERROR:process_memory_win.cc(73)] ReadMemory at 0x29f63e539c0 of 64 bytes failed: Only part of a ReadProcessMemory or WriteProcessMemory request was completed. (0x12B)
[0710/001758.813:ERROR:process_memory_win.cc(73)] ReadMemory at 0x29f63e53a10 of 132 bytes failed: Only part of a ReadProcessMemory or WriteProcessMemory request was completed. (0x12B)
[0710/001758.813:ERROR:process_memory_win.cc(73)] ReadMemory at 0x29f63e53b80 of 132 bytes failed: Only part of a ReadProcessMemory or WriteProcessMemory request was completed. (0x12B)
[0710/001758.813:ERROR:process_memory_win.cc(73)] ReadMemory at 0x29f63e53e20 of 132 bytes failed: Only part of a ReadProcessMemory or WriteProcessMemory request was completed. (0x12B)
[0710/001758.813:ERROR:process_memory_win.cc(73)] ReadMemory at 0x29f63e53fb0 of 68 bytes failed: Only part of a ReadProcessMemory or WriteProcessMemory request was completed. (0x12B)
[0710/001758.813:ERROR:process_memory_win.cc(73)] ReadMemory at 0x29f63e54fd0 of 152 bytes failed: Only part of a ReadProcessMemory or WriteProcessMemory request was completed. (0x12B)
[0710/001758.813:ERROR:process_memory_win.cc(73)] ReadMemory at 0x29f63e57280 of 54 bytes failed: Only part of a ReadProcessMemory or WriteProcessMemory request was completed. (0x12B)
[0710/001758.814:ERROR:process_memory_win.cc(73)] ReadMemory at 0x29f63e57680 of 48 bytes failed: Only part of a ReadProcessMemory or WriteProcessMemory request was completed. (0x12B)
[0710/001758.814:ERROR:process_memory_win.cc(73)] ReadMemory at 0x29f63e57b40 of 132 bytes failed: Only part of a ReadProcessMemory or WriteProcessMemory request was completed. (0x12B)
[0710/001758.814:ERROR:process_memory_win.cc(73)] ReadMemory at 0x29f63e57ee0 of 132 bytes failed: Only part of a ReadProcessMemory or WriteProcessMemory request was completed. (0x12B)
[0710/001758.814:ERROR:process_memory_win.cc(73)] ReadMemory at 0x29f63e58070 of 80 bytes failed: Only part of a ReadProcessMemory or WriteProcessMemory request was completed. (0x12B)
[0710/001758.814:ERROR:process_memory_win.cc(73)] ReadMemory at 0x29f63e580d0 of 144 bytes failed: Only part of a ReadProcessMemory or WriteProcessMemory request was completed. (0x12B)
[0710/001758.814:ERROR:process_memory_win.cc(73)] ReadMemory at 0x29f63e5a7c0 of 64 bytes failed: Only part of a ReadProcessMemory or WriteProcessMemory request was completed. (0x12B)
[0710/001758.814:ERROR:process_memory_win.cc(73)] ReadMemory at 0x29f63e5a8b0 of 64 bytes failed: Only part of a ReadProcessMemory or WriteProcessMemory request was completed. (0x12B)
[0710/001758.814:ERROR:process_memory_win.cc(73)] ReadMemory at 0x29f63e5a900 of 66 bytes failed: Only part of a ReadProcessMemory or WriteProcessMemory request was completed. (0x12B)
[0710/001758.815:ERROR:process_memory_win.cc(73)] ReadMemory at 0x29f63e5aa40 of 64 bytes failed: Only part of a ReadProcessMemory or WriteProcessMemory request was completed. (0x12B)
[0710/001758.815:ERROR:process_memory_win.cc(73)] ReadMemory at 0x29f63e5aa90 of 58 bytes failed: Only part of a ReadProcessMemory or WriteProcessMemory request was completed. (0x12B)
[0710/001758.815:ERROR:process_memory_win.cc(73)] ReadMemory at 0x29f63e5acc0 of 62 bytes failed: Only part of a ReadProcessMemory or WriteProcessMemory request was completed. (0x12B)
[0710/001758.815:ERROR:process_memory_win.cc(73)] ReadMemory at 0x29f63e5ad10 of 64 bytes failed: Only part of a ReadProcessMemory or WriteProcessMemory request was completed. (0x12B)
[0710/001758.815:ERROR:process_memory_win.cc(73)] ReadMemory at 0x29f63e5ad60 of 60 bytes failed: Only part of a ReadProcessMemory or WriteProcessMemory request was completed. (0x12B)
[0710/001758.815:ERROR:process_memory_win.cc(73)] ReadMemory at 0x29f63e5ae50 of 62 bytes failed: Only part of a ReadProcessMemory or WriteProcessMemory request was completed. (0x12B)
[0710/001758.815:ERROR:process_memory_win.cc(73)] ReadMemory at 0x29f63e5aef0 of 60 bytes failed: Only part of a ReadProcessMemory or WriteProcessMemory request was completed. (0x12B)
[0710/001758.815:ERROR:process_memory_win.cc(73)] ReadMemory at 0x29f63e5af90 of 62 bytes failed: Only part of a ReadProcessMemory or WriteProcessMemory request was completed. (0x12B)
[0710/001758.816:ERROR:process_memory_win.cc(73)] ReadMemory at 0x29f63e5afe0 of 60 bytes failed: Only part of a ReadProcessMemory or WriteProcessMemory request was completed. (0x12B)
[0710/001758.816:ERROR:process_memory_win.cc(73)] ReadMemory at 0x29f63e5b030 of 62 bytes failed: Only part of a ReadProcessMemory or WriteProcessMemory request was completed. (0x12B)
[0710/001758.816:ERROR:process_memory_win.cc(73)] ReadMemory at 0x29f63e5b080 of 64 bytes failed: Only part of a ReadProcessMemory or WriteProcessMemory request was completed. (0x12B)
[0710/001758.816:ERROR:process_memory_win.cc(73)] ReadMemory at 0x29f63e5b300 of 62 bytes failed: Only part of a ReadProcessMemory or WriteProcessMemory request was completed. (0x12B)
[0710/001758.816:ERROR:process_memory_win.cc(73)] ReadMemory at 0x29f63e5b3a0 of 62 bytes failed: Only part of a ReadProcessMemory or WriteProcessMemory request was completed. (0x12B)
[0710/001758.816:ERROR:process_memory_win.cc(73)] ReadMemory at 0x29f63e5b3f0 of 62 bytes failed: Only part of a ReadProcessMemory or WriteProcessMemory request was completed. (0x12B)
[0710/001758.816:ERROR:process_memory_win.cc(73)] ReadMemory at 0x29f63e5b440 of 60 bytes failed: Only part of a ReadProcessMemory or WriteProcessMemory request was completed. (0x12B)
[0710/001758.816:ERROR:process_memory_win.cc(73)] ReadMemory at 0x29f63e5b5d0 of 62 bytes failed: Only part of a ReadProcessMemory or WriteProcessMemory request was completed. (0x12B)
[0710/001758.817:ERROR:process_memory_win.cc(73)] ReadMemory at 0x29f63e5b620 of 62 bytes failed: Only part of a ReadProcessMemory or WriteProcessMemory request was completed. (0x12B)
[0710/001758.817:ERROR:process_memory_win.cc(73)] ReadMemory at 0x29f63e5c670 of 60 bytes failed: Only part of a ReadProcessMemory or WriteProcessMemory request was completed. (0x12B)
[0710/001758.817:ERROR:process_memory_win.cc(73)] ReadMemory at 0x29f63e5c710 of 60 bytes failed: Only part of a ReadProcessMemory or WriteProcessMemory request was completed. (0x12B)
[0710/001758.817:ERROR:process_memory_win.cc(73)] ReadMemory at 0x29f63e5c800 of 64 bytes failed: Only part of a ReadProcessMemory or WriteProcessMemory request was completed. (0x12B)
[0710/001758.817:ERROR:process_memory_win.cc(73)] ReadMemory at 0x29f63e5c850 of 64 bytes failed: Only part of a ReadProcessMemory or WriteProcessMemory request was completed. (0x12B)
[0710/001758.817:ERROR:process_memory_win.cc(73)] ReadMemory at 0x29f63e5c8a0 of 66 bytes failed: Only part of a ReadProcessMemory or WriteProcessMemory request was completed. (0x12B)
[0710/001758.817:ERROR:process_memory_win.cc(73)] ReadMemory at 0x29f63e5c8f0 of 64 bytes failed: Only part of a ReadProcessMemory or WriteProcessMemory request was completed. (0x12B)
[0710/001758.817:ERROR:process_memory_win.cc(73)] ReadMemory at 0x29f63e5cad0 of 62 bytes failed: Only part of a ReadProcessMemory or WriteProcessMemory request was completed. (0x12B)
[0710/001758.818:ERROR:process_memory_win.cc(73)] ReadMemory at 0x29f63e5ccb0 of 60 bytes failed: Only part of a ReadProcessMemory or WriteProcessMemory request was completed. (0x12B)
[0710/001758.818:ERROR:process_memory_win.cc(73)] ReadMemory at 0x29f63e5dd40 of 132 bytes failed: Only part of a ReadProcessMemory or WriteProcessMemory request was completed. (0x12B)
[0710/001758.818:ERROR:process_memory_win.cc(73)] ReadMemory at 0x29f63e5fd10 of 132 bytes failed: Only part of a ReadProcessMemory or WriteProcessMemory request was completed. (0x12B)
[0710/001758.818:ERROR:process_memory_win.cc(73)] ReadMemory at 0x29f63e5ff30 of 132 bytes failed: Only part of a ReadProcessMemory or WriteProcessMemory request was completed. (0x12B)
[0710/001758.818:ERROR:process_memory_win.cc(73)] ReadMemory at 0x29f63e60150 of 132 bytes failed: Only part of a ReadProcessMemory or WriteProcessMemory request was completed. (0x12B)
[0710/001758.818:ERROR:process_memory_win.cc(73)] ReadMemory at 0x29f63e62710 of 132 bytes failed: Only part of a ReadProcessMemory or WriteProcessMemory request was completed. (0x12B)
[0710/001758.818:ERROR:process_memory_win.cc(73)] ReadMemory at 0x29f63e62840 of 132 bytes failed: Only part of a ReadProcessMemory or WriteProcessMemory request was completed. (0x12B)
[0710/001758.818:ERROR:process_memory_win.cc(73)] ReadMemory at 0x29f63e644a0 of 132 bytes failed: Only part of a ReadProcessMemory or WriteProcessMemory request was completed. (0x12B)
[0710/001758.819:ERROR:process_memory_win.cc(73)] ReadMemory at 0x29f63e64ec0 of 132 bytes failed: Only part of a ReadProcessMemory or WriteProcessMemory request was completed. (0x12B)
[0710/001758.819:ERROR:process_memory_win.cc(73)] ReadMemory at 0x29f63e651a0 of 132 bytes failed: Only part of a ReadProcessMemory or WriteProcessMemory request was completed. (0x12B)
[0710/001758.819:ERROR:process_memory_win.cc(73)] ReadMemory at 0x29f63e655a0 of 132 bytes failed: Only part of a ReadProcessMemory or WriteProcessMemory request was completed. (0x12B)
[0710/001758.819:ERROR:process_memory_win.cc(73)] ReadMemory at 0x29f63e656d0 of 132 bytes failed: Only part of a ReadProcessMemory or WriteProcessMemory request was completed. (0x12B)
[0710/001758.819:ERROR:process_memory_win.cc(73)] ReadMemory at 0x29f63e65800 of 132 bytes failed: Only part of a ReadProcessMemory or WriteProcessMemory request was completed. (0x12B)
[0710/001758.819:ERROR:process_memory_win.cc(73)] ReadMemory at 0x29f63e65930 of 132 bytes failed: Only part of a ReadProcessMemory or WriteProcessMemory request was completed. (0x12B)
[0710/001758.819:ERROR:process_memory_win.cc(73)] ReadMemory at 0x29f63e65a60 of 132 bytes failed: Only part of a ReadProcessMemory or WriteProcessMemory request was completed. (0x12B)
[0710/001758.819:ERROR:process_memory_win.cc(73)] ReadMemory at 0x29f63e65b90 of 132 bytes failed: Only part of a ReadProcessMemory or WriteProcessMemory request was completed. (0x12B)
[0710/001758.820:ERROR:process_memory_win.cc(73)] ReadMemory at 0x29f63e65cc0 of 132 bytes failed: Only part of a ReadProcessMemory or WriteProcessMemory request was completed. (0x12B)
[0710/001758.820:ERROR:process_memory_win.cc(73)] ReadMemory at 0x29f63e65df0 of 132 bytes failed: Only part of a ReadProcessMemory or WriteProcessMemory request was completed. (0x12B)
[0710/001758.820:ERROR:process_memory_win.cc(73)] ReadMemory at 0x29f63e65f20 of 132 bytes failed: Only part of a ReadProcessMemory or WriteProcessMemory request was completed. (0x12B)
[0710/001758.820:ERROR:process_memory_win.cc(73)] ReadMemory at 0x29f63e66050 of 132 bytes failed: Only part of a ReadProcessMemory or WriteProcessMemory request was completed. (0x12B)
[0710/001758.820:ERROR:process_memory_win.cc(73)] ReadMemory at 0x29f63e66180 of 132 bytes failed: Only part of a ReadProcessMemory or WriteProcessMemory request was completed. (0x12B)
[0710/001758.820:ERROR:process_memory_win.cc(73)] ReadMemory at 0x29f63e663e0 of 132 bytes failed: Only part of a ReadProcessMemory or WriteProcessMemory request was completed. (0x12B)
[0710/001758.820:ERROR:process_memory_win.cc(73)] ReadMemory at 0x29f63e66b50 of 80 bytes failed: Only part of a ReadProcessMemory or WriteProcessMemory request was completed. (0x12B)
[0710/001758.820:ERROR:process_memory_win.cc(73)] ReadMemory at 0x29f63e67150 of 76 bytes failed: Only part of a ReadProcessMemory or WriteProcessMemory request was completed. (0x12B)
[0710/001758.821:ERROR:process_memory_win.cc(73)] ReadMemory at 0x29f63e68850 of 132 bytes failed: Only part of a ReadProcessMemory or WriteProcessMemory request was completed. (0x12B)
[0710/001758.821:ERROR:process_memory_win.cc(73)] ReadMemory at 0x29f63e68980 of 132 bytes failed: Only part of a ReadProcessMemory or WriteProcessMemory request was completed. (0x12B)
[0710/001758.821:ERROR:process_memory_win.cc(73)] ReadMemory at 0x29f63e69300 of 132 bytes failed: Only part of a ReadProcessMemory or WriteProcessMemory request was completed. (0x12B)
[0710/001758.821:ERROR:process_memory_win.cc(73)] ReadMemory at 0x29f63e69430 of 132 bytes failed: Only part of a ReadProcessMemory or WriteProcessMemory request was completed. (0x12B)
[0710/001758.821:ERROR:process_memory_win.cc(73)] ReadMemory at 0x29f63e69690 of 132 bytes failed: Only part of a ReadProcessMemory or WriteProcessMemory request was completed. (0x12B)
[0710/001758.821:ERROR:process_memory_win.cc(73)] ReadMemory at 0x29f63e69c80 of 132 bytes failed: Only part of a ReadProcessMemory or WriteProcessMemory request was completed. (0x12B)
[0710/001758.821:ERROR:process_memory_win.cc(73)] ReadMemory at 0x29f63e6a3a0 of 132 bytes failed: Only part of a ReadProcessMemory or WriteProcessMemory request was completed. (0x12B)
[0710/001758.821:ERROR:minidumpwritedump_with_crashpad_info.cc(435)] Failed to call MiniDumpWriteDump: Only part of a ReadProcessMemory or WriteProcessMemory request was completed. (0x8007012B)
[0710/001758.821:ERROR:process_memory_win.cc(73)] ReadMemory at 0x29f63e6a4d0 of 132 bytes failed: Only part of a ReadProcessMemory or WriteProcessMemory request was completed. (0x12B)
[0710/001758.821:ERROR:minidumpwritedump_with_crashpad_info.cc(592)] Failed to write minidump file
[0710/001758.822:ERROR:crash_report_exception_handler.cc(132)] TryMiniDumpWriteDumpWithCrashpadInfo failed
[0710/001758.822:ERROR:process_memory_win.cc(73)] ReadMemory at 0x29f63e6a600 of 132 bytes failed: Only part of a ReadProcessMemory or WriteProcessMemory request was completed. (0x12B)
[0710/001758.822:ERROR:process_memory_win.cc(73)] ReadMemory at 0x29f63e6b4a0 of 124 bytes failed: Only part of a ReadProcessMemory or WriteProcessMemory request was completed. (0x12B)
[0710/001758.822:ERROR:process_memory_win.cc(73)] ReadMemory at 0x29f63e6dc60 of 40 bytes failed: Only part of a ReadProcessMemory or WriteProcessMemory request was completed. (0x12B)
[0710/001758.822:ERROR:process_memory_win.cc(73)] ReadMemory at 0x29f63e77e90 of 40 bytes failed: Only part of a ReadProcessMemory or WriteProcessMemory request was completed. (0x12B)
[0710/001758.822:ERROR:process_memory_win.cc(73)] ReadMemory at 0x29f63e7cf70 of 48 bytes failed: Only part of a ReadProcessMemory or WriteProcessMemory request was completed. (0x12B)
[0710/001758.822:ERROR:process_memory_win.cc(73)] ReadMemory at 0x29f63e7d1b0 of 48 bytes failed: Only part of a ReadProcessMemory or WriteProcessMemory request was completed. (0x12B)
[0710/001758.822:ERROR:process_memory_win.cc(73)] ReadMemory at 0x29f63e7d530 of 48 bytes failed: Only part of a ReadProcessMemory or WriteProcessMemory request was completed. (0x12B)
[0710/001758.823:ERROR:process_memory_win.cc(73)] ReadMemory at 0x29f640502c0 of 40 bytes failed: Only part of a ReadProcessMemory or WriteProcessMemory request was completed. (0x12B)
[0710/001758.823:ERROR:process_memory_win.cc(73)] ReadMemory at 0x29f640d02c0 of 40 bytes failed: Only part of a ReadProcessMemory or WriteProcessMemory request was completed. (0x12B)
[0710/001758.823:ERROR:process_memory_win.cc(73)] ReadMemory at 0x29f640e02c0 of 40 bytes failed: Only part of a ReadProcessMemory or WriteProcessMemory request was completed. (0x12B)
[0710/001758.823:ERROR:process_memory_win.cc(73)] ReadMemory at 0x29f641b02c0 of 40 bytes failed: Only part of a ReadProcessMemory or WriteProcessMemory request was completed. (0x12B)
[0710/001758.823:ERROR:process_memory_win.cc(73)] ReadMemory at 0x29f646902c0 of 40 bytes failed: Only part of a ReadProcessMemory or WriteProcessMemory request was completed. (0x12B)
[0710/001758.823:ERROR:process_memory_win.cc(73)] ReadMemory at 0x7ff9e70a2f40 of 40 bytes failed: Only part of a ReadProcessMemory or WriteProcessMemory request was completed. (0x12B)
[0710/001758.824:ERROR:process_memory_win.cc(73)] ReadMemory at 0x7ffa16aa8cb0 of 40 bytes failed: Only part of a ReadProcessMemory or WriteProcessMemory request was completed. (0x12B)
[0710/001758.824:ERROR:process_memory_win.cc(73)] ReadMemory at 0x7ffa17d3bcd0 of 40 bytes failed: Only part of a ReadProcessMemory or WriteProcessMemory request was completed. (0x12B)
[0710/001758.824:ERROR:process_memory_win.cc(73)] ReadMemory at 0x7ffa19dcc428 of 18 bytes failed: Only part of a ReadProcessMemory or WriteProcessMemory request was completed. (0x12B)
[0710/001758.824:ERROR:process_memory_win.cc(73)] ReadMemory at 0x7ffa19dff4f8 of 40 bytes failed: Only part of a ReadProcessMemory or WriteProcessMemory request was completed. (0x12B)
[0710/001758.824:ERROR:process_memory_win.cc(73)] ReadMemory at 0x7ffa19dff560 of 48 bytes failed: Only part of a ReadProcessMemory or WriteProcessMemory request was completed. (0x12B)
[0710/001758.824:ERROR:process_memory_win.cc(73)] ReadMemory at 0x7ffa19dff978 of 48 bytes failed: Only part of a ReadProcessMemory or WriteProcessMemory request was completed. (0x12B)
[0710/001758.824:ERROR:process_memory_win.cc(73)] ReadMemory at 0x7ffa19e03be0 of 40 bytes failed: Only part of a ReadProcessMemory or WriteProcessMemory request was completed. (0x12B)
[0710/001758.824:ERROR:process_memory_win.cc(73)] ReadMemory at 0x7ffa19e03d40 of 384 bytes failed: Only part of a ReadProcessMemory or WriteProcessMemory request was completed. (0x12B)
[0710/001758.825:ERROR:process_memory_win.cc(73)] ReadMemory at 0x7ffa19e053c0 of 64 bytes failed: Only part of a ReadProcessMemory or WriteProcessMemory request was completed. (0x12B)
[0710/001758.825:ERROR:process_memory_win.cc(73)] ReadMemory at 0x187b2de7ad0 of 72 bytes failed: Only part of a ReadProcessMemory or WriteProcessMemory request was completed. (0x12B)
[0710/001758.826:WARNING:pe_image_annotations_reader.cc(134)] could not read annotations list object in C:\Program Files (x86)\Microsoft\Edge\Application\83.0.478.61\msedge_elf.dll
[0710/001758.826:ERROR:process_memory_win.cc(73)] ReadMemory at 0x187b32b7f20 of 72 bytes failed: Only part of a ReadProcessMemory or WriteProcessMemory request was completed. (0x12B)
[0710/001758.826:WARNING:pe_image_annotations_reader.cc(134)] could not read annotations list object in C:\Program Files (x86)\Microsoft\Edge\Application\83.0.478.61\msedge.dll
[0710/001758.828:ERROR:scoped_process_suspend.cc(40)] NtResumeProcess: An attempt was made to access an exiting process. (0xc000010a)
[0710/001758.864:ERROR:process_memory_win.cc(73)] ReadMemory at 0x7ff78c9b0000 of 64 bytes failed: Only part of a ReadProcessMemory or WriteProcessMemory request was completed. (0x12B)
[0710/001758.864:WARNING:pe_image_reader.cc(340)] could not read dos header from C:\Program Files (x86)\Microsoft\Edge\Application\msedge.exe
[0710/001758.864:ERROR:process_memory_win.cc(73)] ReadMemory at 0x187b2de7ad0 of 72 bytes failed: Only part of a ReadProcessMemory or WriteProcessMemory request was completed. (0x12B)
[0710/001758.864:WARNING:pe_image_annotations_reader.cc(134)] could not read annotations list object in C:\Program Files (x86)\Microsoft\Edge\Application\83.0.478.61\msedge_elf.dll
[0710/001758.865:ERROR:process_memory_win.cc(73)] ReadMemory at 0x7ff9cd370000 of 64 bytes failed: Only part of a ReadProcessMemory or WriteProcessMemory request was completed. (0x12B)
[0710/001758.865:WARNING:pe_image_reader.cc(340)] could not read dos header from C:\Program Files (x86)\Microsoft\Edge\Application\83.0.478.61\msedge.dll
[0710/001758.871:ERROR:process_memory_win.cc(73)] ReadMemory at 0x7ff78c9b0000 of 64 bytes failed: Only part of a ReadProcessMemory or WriteProcessMemory request was completed. (0x12B)
[0710/001758.871:WARNING:pe_image_reader.cc(340)] could not read dos header from C:\Program Files (x86)\Microsoft\Edge\Application\msedge.exe
[0710/001758.871:ERROR:process_memory_win.cc(73)] ReadMemory at 0x187b2de7ad0 of 72 bytes failed: Only part of a ReadProcessMemory or WriteProcessMemory request was completed. (0x12B)
[0710/001758.871:WARNING:pe_image_annotations_reader.cc(134)] could not read annotations list object in C:\Program Files (x86)\Microsoft\Edge\Application\83.0.478.61\msedge_elf.dll
[0710/001758.871:ERROR:process_memory_win.cc(73)] ReadMemory at 0x7ff9cd370000 of 64 bytes failed: Only part of a ReadProcessMemory or WriteProcessMemory request was completed. (0x12B)
[0710/001758.872:WARNING:pe_image_reader.cc(340)] could not read dos header from C:\Program Files (x86)\Microsoft\Edge\Application\83.0.478.61\msedge.dll
[0710/001758.873:ERROR:process_memory_win.cc(73)] ReadMemory at 0x7ff78c9b0000 of 64 bytes failed: Only part of a ReadProcessMemory or WriteProcessMemory request was completed. (0x12B)
[0710/001758.873:WARNING:pe_image_reader.cc(340)] could not read dos header from C:\Program Files (x86)\Microsoft\Edge\Application\msedge.exe
[0710/001758.873:ERROR:process_memory_win.cc(73)] ReadMemory at 0x187b2de7ad0 of 72 bytes failed: Only part of a ReadProcessMemory or WriteProcessMemory request was completed. (0x12B)
[0710/001758.874:WARNING:pe_image_annotations_reader.cc(134)] could not read annotations list object in C:\Program Files (x86)\Microsoft\Edge\Application\83.0.478.61\msedge_elf.dll
[0710/001758.874:ERROR:process_memory_win.cc(73)] ReadMemory at 0x7ff9cd370000 of 64 bytes failed: Only part of a ReadProcessMemory or WriteProcessMemory request was completed. (0x12B)
[0710/001758.874:WARNING:pe_image_reader.cc(340)] could not read dos header from C:\Program Files (x86)\Microsoft\Edge\Application\83.0.478.61\msedge.dll
[0710/001758.892:ERROR:process_memory_win.cc(73)] ReadMemory at 0x2d2fcab000 of 852 bytes failed: Only part of a ReadProcessMemory or WriteProcessMemory request was completed. (0x12B)
[0710/001758.892:ERROR:process_memory_win.cc(73)] ReadMemory at 0x187b29d02c0 of 40 bytes failed: Only part of a ReadProcessMemory or WriteProcessMemory request was completed. (0x12B)
[0710/001758.892:ERROR:process_memory_win.cc(73)] ReadMemory at 0x187b29e02c0 of 40 bytes failed: Only part of a ReadProcessMemory or WriteProcessMemory request was completed. (0x12B)
[0710/001758.893:ERROR:process_memory_win.cc(73)] ReadMemory at 0x187b2a902c0 of 40 bytes failed: Only part of a ReadProcessMemory or WriteProcessMemory request was completed. (0x12B)
[0710/001758.893:ERROR:process_memory_win.cc(73)] ReadMemory at 0x187b2a90770 of 48 bytes failed: Only part of a ReadProcessMemory or WriteProcessMemory request was completed. (0x12B)
[0710/001758.893:ERROR:process_memory_win.cc(73)] ReadMemory at 0x187b2a90fe0 of 5396 bytes failed: Only part of a ReadProcessMemory or WriteProcessMemory request was completed. (0x12B)
[0710/001758.893:ERROR:process_memory_win.cc(73)] ReadMemory at 0x187b2a92500 of 1012 bytes failed: Only part of a ReadProcessMemory or WriteProcessMemory request was completed. (0x12B)
[0710/001758.894:ERROR:process_memory_win.cc(73)] ReadMemory at 0x187b2a92b48 of 120 bytes failed: Only part of a ReadProcessMemory or WriteProcessMemory request was completed. (0x12B)
[0710/001758.894:ERROR:process_memory_win.cc(73)] ReadMemory at 0x187b2a92bc2 of 838 bytes failed: Only part of a ReadProcessMemory or WriteProcessMemory request was completed. (0x12B)
[0710/001758.894:ERROR:process_memory_win.cc(73)] ReadMemory at 0x187b2a92f0a of 120 bytes failed: Only part of a ReadProcessMemory or WriteProcessMemory request was completed. (0x12B)
[0710/001758.894:ERROR:process_memory_win.cc(73)] ReadMemory at 0x187b2a92f84 of 100 bytes failed: Only part of a ReadProcessMemory or WriteProcessMemory request was completed. (0x12B)
[0710/001758.895:ERROR:process_memory_win.cc(73)] ReadMemory at 0x187b2a93000 of 58 bytes failed: Only part of a ReadProcessMemory or WriteProcessMemory request was completed. (0x12B)
[0710/001758.895:ERROR:process_memory_win.cc(73)] ReadMemory at 0x187b2a93100 of 132 bytes failed: Only part of a ReadProcessMemory or WriteProcessMemory request was completed. (0x12B)
[0710/001758.895:ERROR:process_memory_win.cc(73)] ReadMemory at 0x187b2a93290 of 132 bytes failed: Only part of a ReadProcessMemory or WriteProcessMemory request was completed. (0x12B)
[0710/001758.895:ERROR:process_memory_win.cc(73)] ReadMemory at 0x187b2a93830 of 132 bytes failed: Only part of a ReadProcessMemory or WriteProcessMemory request was completed. (0x12B)
[0710/001758.895:ERROR:process_memory_win.cc(73)] ReadMemory at 0x187b2a939c0 of 64 bytes failed: Only part of a ReadProcessMemory or WriteProcessMemory request was completed. (0x12B)
[0710/001758.896:ERROR:process_memory_win.cc(73)] ReadMemory at 0x187b2a93a10 of 132 bytes failed: Only part of a ReadProcessMemory or WriteProcessMemory request was completed. (0x12B)
[0710/001758.896:ERROR:process_memory_win.cc(73)] ReadMemory at 0x187b2a93b80 of 132 bytes failed: Only part of a ReadProcessMemory or WriteProcessMemory request was completed. (0x12B)
[0710/001758.896:ERROR:process_memory_win.cc(73)] ReadMemory at 0x187b2a93e20 of 132 bytes failed: Only part of a ReadProcessMemory or WriteProcessMemory request was completed. (0x12B)
[0710/001758.896:ERROR:process_memory_win.cc(73)] ReadMemory at 0x187b2a93fb0 of 68 bytes failed: Only part of a ReadProcessMemory or WriteProcessMemory request was completed. (0x12B)
[0710/001758.897:ERROR:process_memory_win.cc(73)] ReadMemory at 0x187b2a94fd0 of 152 bytes failed: Only part of a ReadProcessMemory or WriteProcessMemory request was completed. (0x12B)
[0710/001758.897:ERROR:process_memory_win.cc(73)] ReadMemory at 0x187b2a96c40 of 54 bytes failed: Only part of a ReadProcessMemory or WriteProcessMemory request was completed. (0x12B)
[0710/001758.897:ERROR:process_memory_win.cc(73)] ReadMemory at 0x187b2a96f00 of 48 bytes failed: Only part of a ReadProcessMemory or WriteProcessMemory request was completed. (0x12B)
[0710/001758.897:ERROR:process_memory_win.cc(73)] ReadMemory at 0x187b2a97b40 of 132 bytes failed: Only part of a ReadProcessMemory or WriteProcessMemory request was completed. (0x12B)
[0710/001758.897:ERROR:process_memory_win.cc(73)] ReadMemory at 0x187b2a97ee0 of 132 bytes failed: Only part of a ReadProcessMemory or WriteProcessMemory request was completed. (0x12B)
[0710/001758.898:ERROR:process_memory_win.cc(73)] ReadMemory at 0x187b2a98070 of 80 bytes failed: Only part of a ReadProcessMemory or WriteProcessMemory request was completed. (0x12B)
[0710/001758.898:ERROR:process_memory_win.cc(73)] ReadMemory at 0x187b2a980d0 of 144 bytes failed: Only part of a ReadProcessMemory or WriteProcessMemory request was completed. (0x12B)
[0710/001758.898:ERROR:process_memory_win.cc(73)] ReadMemory at 0x187b2a9a7c0 of 64 bytes failed: Only part of a ReadProcessMemory or WriteProcessMemory request was completed. (0x12B)
[0710/001758.898:ERROR:process_memory_win.cc(73)] ReadMemory at 0x187b2a9a860 of 62 bytes failed: Only part of a ReadProcessMemory or WriteProcessMemory request was completed. (0x12B)
[0710/001758.899:ERROR:process_memory_win.cc(73)] ReadMemory at 0x187b2a9a8b0 of 60 bytes failed: Only part of a ReadProcessMemory or WriteProcessMemory request was completed. (0x12B)
[0710/001758.899:ERROR:process_memory_win.cc(73)] ReadMemory at 0x187b2a9a950 of 62 bytes failed: Only part of a ReadProcessMemory or WriteProcessMemory request was completed. (0x12B)
[0710/001758.899:ERROR:process_memory_win.cc(73)] ReadMemory at 0x187b2a9a9f0 of 62 bytes failed: Only part of a ReadProcessMemory or WriteProcessMemory request was completed. (0x12B)
[0710/001758.899:ERROR:process_memory_win.cc(73)] ReadMemory at 0x187b2a9aae0 of 62 bytes failed: Only part of a ReadProcessMemory or WriteProcessMemory request was completed. (0x12B)
[0710/001758.900:ERROR:process_memory_win.cc(73)] ReadMemory at 0x187b2a9ab30 of 66 bytes failed: Only part of a ReadProcessMemory or WriteProcessMemory request was completed. (0x12B)
[0710/001758.900:ERROR:process_memory_win.cc(73)] ReadMemory at 0x187b2a9ac70 of 62 bytes failed: Only part of a ReadProcessMemory or WriteProcessMemory request was completed. (0x12B)
[0710/001758.900:ERROR:process_memory_win.cc(73)] ReadMemory at 0x187b2a9acc0 of 60 bytes failed: Only part of a ReadProcessMemory or WriteProcessMemory request was completed. (0x12B)
[0710/001758.900:ERROR:process_memory_win.cc(73)] ReadMemory at 0x187b2a9ae00 of 58 bytes failed: Only part of a ReadProcessMemory or WriteProcessMemory request was completed. (0x12B)
[0710/001758.901:ERROR:process_memory_win.cc(73)] ReadMemory at 0x187b2a9aea0 of 60 bytes failed: Only part of a ReadProcessMemory or WriteProcessMemory request was completed. (0x12B)
[0710/001758.901:ERROR:process_memory_win.cc(73)] ReadMemory at 0x187b2a9aef0 of 64 bytes failed: Only part of a ReadProcessMemory or WriteProcessMemory request was completed. (0x12B)
[0710/001758.901:ERROR:process_memory_win.cc(73)] ReadMemory at 0x187b2a9b080 of 62 bytes failed: Only part of a ReadProcessMemory or WriteProcessMemory request was completed. (0x12B)
[0710/001758.901:ERROR:process_memory_win.cc(73)] ReadMemory at 0x187b2a9b120 of 62 bytes failed: Only part of a ReadProcessMemory or WriteProcessMemory request was completed. (0x12B)
[0710/001758.902:ERROR:process_memory_win.cc(73)] ReadMemory at 0x187b2a9b170 of 62 bytes failed: Only part of a ReadProcessMemory or WriteProcessMemory request was completed. (0x12B)
[0710/001758.902:ERROR:process_memory_win.cc(73)] ReadMemory at 0x187b2a9b1c0 of 64 bytes failed: Only part of a ReadProcessMemory or WriteProcessMemory request was completed. (0x12B)
[0710/001758.902:ERROR:process_memory_win.cc(73)] ReadMemory at 0x187b2a9b210 of 64 bytes failed: Only part of a ReadProcessMemory or WriteProcessMemory request was completed. (0x12B)
[0710/001758.902:ERROR:process_memory_win.cc(73)] ReadMemory at 0x187b2a9b440 of 62 bytes failed: Only part of a ReadProcessMemory or WriteProcessMemory request was completed. (0x12B)
[0710/001758.902:ERROR:process_memory_win.cc(73)] ReadMemory at 0x187b2a9b490 of 64 bytes failed: Only part of a ReadProcessMemory or WriteProcessMemory request was completed. (0x12B)
[0710/001758.902:ERROR:process_memory_win.cc(73)] ReadMemory at 0x187b2a9b530 of 60 bytes failed: Only part of a ReadProcessMemory or WriteProcessMemory request was completed. (0x12B)
[0710/001758.902:ERROR:process_memory_win.cc(73)] ReadMemory at 0x187b2a9c6c0 of 60 bytes failed: Only part of a ReadProcessMemory or WriteProcessMemory request was completed. (0x12B)
[0710/001758.902:ERROR:process_memory_win.cc(73)] ReadMemory at 0x187b2a9c710 of 62 bytes failed: Only part of a ReadProcessMemory or WriteProcessMemory request was completed. (0x12B)
[0710/001758.903:ERROR:process_memory_win.cc(73)] ReadMemory at 0x187b2a9c940 of 64 bytes failed: Only part of a ReadProcessMemory or WriteProcessMemory request was completed. (0x12B)
[0710/001758.903:ERROR:process_memory_win.cc(73)] ReadMemory at 0x187b2a9ca80 of 60 bytes failed: Only part of a ReadProcessMemory or WriteProcessMemory request was completed. (0x12B)
[0710/001758.903:ERROR:process_memory_win.cc(73)] ReadMemory at 0x187b2a9cad0 of 64 bytes failed: Only part of a ReadProcessMemory or WriteProcessMemory request was completed. (0x12B)
[0710/001758.903:ERROR:process_memory_win.cc(73)] ReadMemory at 0x187b2a9cb70 of 66 bytes failed: Only part of a ReadProcessMemory or WriteProcessMemory request was completed. (0x12B)
[0710/001758.903:ERROR:process_memory_win.cc(73)] ReadMemory at 0x187b2a9cbc0 of 64 bytes failed: Only part of a ReadProcessMemory or WriteProcessMemory request was completed. (0x12B)
[0710/001758.903:ERROR:process_memory_win.cc(73)] ReadMemory at 0x187b2a9ccb0 of 60 bytes failed: Only part of a ReadProcessMemory or WriteProcessMemory request was completed. (0x12B)
[0710/001758.903:ERROR:process_memory_win.cc(73)] ReadMemory at 0x187b2a9dd40 of 132 bytes failed: Only part of a ReadProcessMemory or WriteProcessMemory request was completed. (0x12B)
[0710/001758.903:ERROR:process_memory_win.cc(73)] ReadMemory at 0x187b2a9fd10 of 132 bytes failed: Only part of a ReadProcessMemory or WriteProcessMemory request was completed. (0x12B)
[0710/001758.904:ERROR:process_memory_win.cc(73)] ReadMemory at 0x187b2a9ff30 of 132 bytes failed: Only part of a ReadProcessMemory or WriteProcessMemory request was completed. (0x12B)
[0710/001758.904:ERROR:process_memory_win.cc(73)] ReadMemory at 0x187b2aa0150 of 132 bytes failed: Only part of a ReadProcessMemory or WriteProcessMemory request was completed. (0x12B)
[0710/001758.904:ERROR:process_memory_win.cc(73)] ReadMemory at 0x187b2aa2710 of 132 bytes failed: Only part of a ReadProcessMemory or WriteProcessMemory request was completed. (0x12B)
[0710/001758.904:ERROR:process_memory_win.cc(73)] ReadMemory at 0x187b2aa2840 of 132 bytes failed: Only part of a ReadProcessMemory or WriteProcessMemory request was completed. (0x12B)
[0710/001758.904:ERROR:process_memory_win.cc(73)] ReadMemory at 0x187b2aa44a0 of 132 bytes failed: Only part of a ReadProcessMemory or WriteProcessMemory request was completed. (0x12B)
[0710/001758.904:ERROR:process_memory_win.cc(73)] ReadMemory at 0x187b2aa4ec0 of 132 bytes failed: Only part of a ReadProcessMemory or WriteProcessMemory request was completed. (0x12B)
[0710/001758.905:ERROR:process_memory_win.cc(73)] ReadMemory at 0x187b2aa51a0 of 132 bytes failed: Only part of a ReadProcessMemory or WriteProcessMemory request was completed. (0x12B)
[0710/001758.905:ERROR:process_memory_win.cc(73)] ReadMemory at 0x187b2aa55a0 of 132 bytes failed: Only part of a ReadProcessMemory or WriteProcessMemory request was completed. (0x12B)
[0710/001758.906:ERROR:process_memory_win.cc(73)] ReadMemory at 0x187b2aa56d0 of 132 bytes failed: Only part of a ReadProcessMemory or WriteProcessMemory request was completed. (0x12B)
[0710/001758.906:ERROR:process_memory_win.cc(73)] ReadMemory at 0x187b2aa5800 of 132 bytes failed: Only part of a ReadProcessMemory or WriteProcessMemory request was completed. (0x12B)
[0710/001758.906:ERROR:process_memory_win.cc(73)] ReadMemory at 0x187b2aa5930 of 132 bytes failed: Only part of a ReadProcessMemory or WriteProcessMemory request was completed. (0x12B)
[0710/001758.906:ERROR:process_memory_win.cc(73)] ReadMemory at 0x187b2aa5a60 of 132 bytes failed: Only part of a ReadProcessMemory or WriteProcessMemory request was completed. (0x12B)
[0710/001758.906:ERROR:process_memory_win.cc(73)] ReadMemory at 0x187b2aa5b90 of 132 bytes failed: Only part of a ReadProcessMemory or WriteProcessMemory request was completed. (0x12B)
[0710/001758.906:ERROR:process_memory_win.cc(73)] ReadMemory at 0x187b2aa5cc0 of 132 bytes failed: Only part of a ReadProcessMemory or WriteProcessMemory request was completed. (0x12B)
[0710/001758.907:ERROR:process_memory_win.cc(73)] ReadMemory at 0x187b2aa5df0 of 132 bytes failed: Only part of a ReadProcessMemory or WriteProcessMemory request was completed. (0x12B)
[0710/001758.907:ERROR:process_memory_win.cc(73)] ReadMemory at 0x187b2aa5f20 of 132 bytes failed: Only part of a ReadProcessMemory or WriteProcessMemory request was completed. (0x12B)
[0710/001758.907:ERROR:process_memory_win.cc(73)] ReadMemory at 0x187b2aa6050 of 132 bytes failed: Only part of a ReadProcessMemory or WriteProcessMemory request was completed. (0x12B)
[0710/001758.907:ERROR:process_memory_win.cc(73)] ReadMemory at 0x187b2aa6180 of 132 bytes failed: Only part of a ReadProcessMemory or WriteProcessMemory request was completed. (0x12B)
[0710/001758.907:ERROR:process_memory_win.cc(73)] ReadMemory at 0x187b2aa62b0 of 132 bytes failed: Only part of a ReadProcessMemory or WriteProcessMemory request was completed. (0x12B)
[0710/001758.907:ERROR:process_memory_win.cc(73)] ReadMemory at 0x187b2aa6730 of 76 bytes failed: Only part of a ReadProcessMemory or WriteProcessMemory request was completed. (0x12B)
[0710/001758.907:ERROR:process_memory_win.cc(73)] ReadMemory at 0x187b2aa6d90 of 80 bytes failed: Only part of a ReadProcessMemory or WriteProcessMemory request was completed. (0x12B)
[0710/001758.907:ERROR:process_memory_win.cc(73)] ReadMemory at 0x187b2aa8d10 of 132 bytes failed: Only part of a ReadProcessMemory or WriteProcessMemory request was completed. (0x12B)
[0710/001758.908:ERROR:process_memory_win.cc(73)] ReadMemory at 0x187b2aa8e40 of 132 bytes failed: Only part of a ReadProcessMemory or WriteProcessMemory request was completed. (0x12B)
[0710/001758.908:ERROR:process_memory_win.cc(73)] ReadMemory at 0x187b2aa91d0 of 132 bytes failed: Only part of a ReadProcessMemory or WriteProcessMemory request was completed. (0x12B)
[0710/001758.908:ERROR:process_memory_win.cc(73)] ReadMemory at 0x187b2aa9300 of 132 bytes failed: Only part of a ReadProcessMemory or WriteProcessMemory request was completed. (0x12B)
[0710/001758.908:ERROR:process_memory_win.cc(73)] ReadMemory at 0x187b2aa97c0 of 132 bytes failed: Only part of a ReadProcessMemory or WriteProcessMemory request was completed. (0x12B)
[0710/001758.908:ERROR:process_memory_win.cc(73)] ReadMemory at 0x187b2aa9a20 of 132 bytes failed: Only part of a ReadProcessMemory or WriteProcessMemory request was completed. (0x12B)
[0710/001758.908:ERROR:process_memory_win.cc(73)] ReadMemory at 0x187b2aa9b50 of 132 bytes failed: Only part of a ReadProcessMemory or WriteProcessMemory request was completed. (0x12B)
[0710/001758.908:ERROR:process_memory_win.cc(73)] ReadMemory at 0x187b2aa9db0 of 132 bytes failed: Only part of a ReadProcessMemory or WriteProcessMemory request was completed. (0x12B)
[0710/001758.909:ERROR:process_memory_win.cc(73)] ReadMemory at 0x187b2aaa010 of 132 bytes failed: Only part of a ReadProcessMemory or WriteProcessMemory request was completed. (0x12B)
[0710/001758.909:ERROR:process_memory_win.cc(73)] ReadMemory at 0x187b2aab4a0 of 124 bytes failed: Only part of a ReadProcessMemory or WriteProcessMemory request was completed. (0x12B)
[0710/001758.909:ERROR:process_memory_win.cc(73)] ReadMemory at 0x187b2aae110 of 40 bytes failed: Only part of a ReadProcessMemory or WriteProcessMemory request was completed. (0x12B)
[0710/001758.909:ERROR:process_memory_win.cc(73)] ReadMemory at 0x187b2ab7e90 of 40 bytes failed: Only part of a ReadProcessMemory or WriteProcessMemory request was completed. (0x12B)
[0710/001758.909:ERROR:process_memory_win.cc(73)] ReadMemory at 0x187b2abccb0 of 48 bytes failed: Only part of a ReadProcessMemory or WriteProcessMemory request was completed. (0x12B)
[0710/001758.909:ERROR:process_memory_win.cc(73)] ReadMemory at 0x187b2abcf30 of 48 bytes failed: Only part of a ReadProcessMemory or WriteProcessMemory request was completed. (0x12B)
[0710/001758.910:ERROR:process_memory_win.cc(73)] ReadMemory at 0x187b2abd630 of 48 bytes failed: Only part of a ReadProcessMemory or WriteProcessMemory request was completed. (0x12B)
[0710/001758.910:ERROR:process_memory_win.cc(73)] ReadMemory at 0x187b2bd02c0 of 40 bytes failed: Only part of a ReadProcessMemory or WriteProcessMemory request was completed. (0x12B)
[0710/001758.910:ERROR:process_memory_win.cc(73)] ReadMemory at 0x187b2dc02c0 of 40 bytes failed: Only part of a ReadProcessMemory or WriteProcessMemory request was completed. (0x12B)
[0710/001758.910:ERROR:process_memory_win.cc(73)] ReadMemory at 0x187b2de02c0 of 40 bytes failed: Only part of a ReadProcessMemory or WriteProcessMemory request was completed. (0x12B)
[0710/001758.910:ERROR:process_memory_win.cc(73)] ReadMemory at 0x187b31e02c0 of 40 bytes failed: Only part of a ReadProcessMemory or WriteProcessMemory request was completed. (0x12B)
[0710/001758.910:ERROR:process_memory_win.cc(73)] ReadMemory at 0x187b32a02c0 of 40 bytes failed: Only part of a ReadProcessMemory or WriteProcessMemory request was completed. (0x12B)
[0710/001758.910:ERROR:process_memory_win.cc(73)] ReadMemory at 0x3d08e9454030 of 40 bytes failed: Only part of a ReadProcessMemory or WriteProcessMemory request was completed. (0x12B)
[0710/001758.910:ERROR:process_memory_win.cc(73)] ReadMemory at 0x7ff9e70a2f40 of 40 bytes failed: Only part of a ReadProcessMemory or WriteProcessMemory request was completed. (0x12B)
[0710/001758.911:ERROR:process_memory_win.cc(73)] ReadMemory at 0x7ffa16aa8cb0 of 40 bytes failed: Only part of a ReadProcessMemory or WriteProcessMemory request was completed. (0x12B)
[0710/001758.915:ERROR:scoped_process_suspend.cc(40)] NtResumeProcess: An attempt was made to access an exiting process. (0xc000010a)
